<?xml version="1.0" encoding="UTF-8"?>
<!-- Generated by org.testng.reporters.JUnitXMLReporter -->
<testsuite ignored="0" hostname="LTIN513327" failures="0" tests="3" name="EdgeTest" time="29.237" errors="0" timestamp="2024-11-04T12:26:44 IST">
  <testcase classname="allLoanCalculators.LoanCalculator" name="testCarLoanCalculation" time="13.473"/>
  <testcase classname="allLoanCalculators.LoanCalculator" name="testHomeLoanEmiCalculator" time="2.555"/>
  <testcase classname="allLoanCalculators.LoanCalculator" name="testEmiCalculator" time="13.199"/>
</testsuite> <!-- EdgeTest -->
