<?xml version="1.0" encoding="UTF-8"?>
<!-- Generated by org.testng.reporters.JUnitXMLReporter -->
<testsuite ignored="0" hostname="LTIN513327" failures="0" tests="3" name="ChromeTest" time="24.643" errors="0" timestamp="2024-11-03T17:00:56 IST">
  <testcase classname="allLoanCalculators.LoanCalculator" name="testCarLoanCalculation" time="13.398"/>
  <testcase classname="allLoanCalculators.LoanCalculator" name="testHomeLoanEmiCalculator" time="3.051"/>
  <testcase classname="allLoanCalculators.LoanCalculator" name="testEmiCalculator" time="8.14"/>
</testsuite> <!-- ChromeTest -->
