<?xml version="1.0" encoding="UTF-8"?>
<testng-results ignored="0" total="6" passed="6" failed="0" skipped="0">
  <reporter-output>
  </reporter-output>
  <suite started-at="2024-11-06T01:47:31 IST" name="LoanCalculatorSuite" finished-at="2024-11-06T01:52:02 IST" duration-ms="271000">
    <groups>
      <group name="cucumber">
        <method signature="AbstractTestNGCucumberTests.runScenario(io.cucumber.testng.PickleWrapper,io.cucumber.testng.FeatureWrapper)[pri:0, instance:runner.RunCucumberTest@39de3d36]" name="runScenario" class="io.cucumber.testng.AbstractTestNGCucumberTests"/>
      </group> <!-- cucumber -->
    </groups>
    <test started-at="2024-11-06T01:47:31 IST" name="Tests" finished-at="2024-11-06T01:52:02 IST" duration-ms="271000">
      <class name="runner.RunCucumberTest">
        <test-method is-config="true" signature="setUpClass(org.testng.ITestContext)[pri:0, instance:runner.RunCucumberTest@39de3d36]" started-at="2024-11-06T01:47:31 IST" name="setUpClass" finished-at="2024-11-06T01:47:32 IST" duration-ms="793" status="PASS">
          <params>
            <param index="0">
              <value>
                <![CDATA[org.testng.TestRunner@6d4df1d2]]>
              </value>
            </param>
          </params>
          <reporter-output>
          </reporter-output>
        </test-method> <!-- setUpClass -->
        <test-method signature="runScenario(io.cucumber.testng.PickleWrapper,io.cucumber.testng.FeatureWrapper)[pri:0, instance:runner.RunCucumberTest@39de3d36]" started-at="2024-11-06T01:47:32 IST" name="runScenario" description="Runs Cucumber Scenarios" data-provider="scenarios" finished-at="2024-11-06T01:48:29 IST" duration-ms="56928" status="PASS">
          <params>
            <param index="0">
              <value>
                <![CDATA["Calculate_Car_Loan"]]>
              </value>
            </param>
            <param index="1">
              <value>
                <![CDATA["Loan Calculator Testing In Chrome Browser"]]>
              </value>
            </param>
          </params>
          <reporter-output>
          </reporter-output>
        </test-method> <!-- runScenario -->
        <test-method signature="runScenario(io.cucumber.testng.PickleWrapper,io.cucumber.testng.FeatureWrapper)[pri:0, instance:runner.RunCucumberTest@39de3d36]" started-at="2024-11-06T01:48:29 IST" name="runScenario" description="Runs Cucumber Scenarios" data-provider="scenarios" finished-at="2024-11-06T01:48:32 IST" duration-ms="3495" status="PASS">
          <params>
            <param index="0">
              <value>
                <![CDATA["Calculate_Home_Loan"]]>
              </value>
            </param>
            <param index="1">
              <value>
                <![CDATA["Loan Calculator Testing In Chrome Browser"]]>
              </value>
            </param>
          </params>
          <reporter-output>
          </reporter-output>
        </test-method> <!-- runScenario -->
        <test-method signature="runScenario(io.cucumber.testng.PickleWrapper,io.cucumber.testng.FeatureWrapper)[pri:0, instance:runner.RunCucumberTest@39de3d36]" started-at="2024-11-06T01:48:32 IST" name="runScenario" description="Runs Cucumber Scenarios" data-provider="scenarios" finished-at="2024-11-06T01:48:51 IST" duration-ms="18439" status="PASS">
          <params>
            <param index="0">
              <value>
                <![CDATA["Testing EMI Calculator"]]>
              </value>
            </param>
            <param index="1">
              <value>
                <![CDATA["Loan Calculator Testing In Chrome Browser"]]>
              </value>
            </param>
          </params>
          <reporter-output>
          </reporter-output>
        </test-method> <!-- runScenario -->
        <test-method signature="runScenario(io.cucumber.testng.PickleWrapper,io.cucumber.testng.FeatureWrapper)[pri:0, instance:runner.RunCucumberTest@39de3d36]" started-at="2024-11-06T01:48:51 IST" name="runScenario" description="Runs Cucumber Scenarios" data-provider="scenarios" finished-at="2024-11-06T01:51:37 IST" duration-ms="165915" status="PASS">
          <params>
            <param index="0">
              <value>
                <![CDATA["Calculate_Car_Loan"]]>
              </value>
            </param>
            <param index="1">
              <value>
                <![CDATA["Loan Calculator Testing In Edge Browser"]]>
              </value>
            </param>
          </params>
          <reporter-output>
          </reporter-output>
        </test-method> <!-- runScenario -->
        <test-method signature="runScenario(io.cucumber.testng.PickleWrapper,io.cucumber.testng.FeatureWrapper)[pri:0, instance:runner.RunCucumberTest@39de3d36]" started-at="2024-11-06T01:51:37 IST" name="runScenario" description="Runs Cucumber Scenarios" data-provider="scenarios" finished-at="2024-11-06T01:51:40 IST" duration-ms="3321" status="PASS">
          <params>
            <param index="0">
              <value>
                <![CDATA["Calculate_Home_Loan"]]>
              </value>
            </param>
            <param index="1">
              <value>
                <![CDATA["Loan Calculator Testing In Edge Browser"]]>
              </value>
            </param>
          </params>
          <reporter-output>
          </reporter-output>
        </test-method> <!-- runScenario -->
        <test-method signature="runScenario(io.cucumber.testng.PickleWrapper,io.cucumber.testng.FeatureWrapper)[pri:0, instance:runner.RunCucumberTest@39de3d36]" started-at="2024-11-06T01:51:40 IST" name="runScenario" description="Runs Cucumber Scenarios" data-provider="scenarios" finished-at="2024-11-06T01:52:00 IST" duration-ms="19741" status="PASS">
          <params>
            <param index="0">
              <value>
                <![CDATA["Testing EMI Calculator"]]>
              </value>
            </param>
            <param index="1">
              <value>
                <![CDATA["Loan Calculator Testing In Edge Browser"]]>
              </value>
            </param>
          </params>
          <reporter-output>
          </reporter-output>
        </test-method> <!-- runScenario -->
        <test-method is-config="true" signature="tearDownClass()[pri:0, instance:runner.RunCucumberTest@39de3d36]" started-at="2024-11-06T01:52:00 IST" name="tearDownClass" finished-at="2024-11-06T01:52:02 IST" duration-ms="2307" status="PASS">
          <reporter-output>
          </reporter-output>
        </test-method> <!-- tearDownClass -->
      </class> <!-- runner.RunCucumberTest -->
    </test> <!-- Tests -->
  </suite> <!-- LoanCalculatorSuite -->
</testng-results>
