<?xml version="1.0" encoding="UTF-8"?>
<testng-results ignored="0" total="6" passed="6" failed="0" skipped="0">
  <reporter-output>
  </reporter-output>
  <suite started-at="2024-11-04T08:59:54 IST" name="LoanCalculatorSuite" finished-at="2024-11-04T09:01:16 IST" duration-ms="82608">
    <groups>
      <group name="cucumber">
        <method signature="AbstractTestNGCucumberTests.runScenario(io.cucumber.testng.PickleWrapper,io.cucumber.testng.FeatureWrapper)[pri:0, instance:runner.RunCucumberTest@5dd91bca]" name="runScenario" class="io.cucumber.testng.AbstractTestNGCucumberTests"/>
      </group> <!-- cucumber -->
    </groups>
    <test started-at="2024-11-04T08:59:54 IST" name="Tests" finished-at="2024-11-04T09:01:16 IST" duration-ms="82608">
      <class name="runner.RunCucumberTest">
        <test-method is-config="true" signature="setUpClass(org.testng.ITestContext)[pri:0, instance:runner.RunCucumberTest@5dd91bca]" started-at="2024-11-04T08:59:54 IST" name="setUpClass" finished-at="2024-11-04T08:59:54 IST" duration-ms="702" status="PASS">
          <params>
            <param index="0">
              <value>
                <![CDATA[org.testng.TestRunner@3533d790]]>
              </value>
            </param>
          </params>
          <reporter-output>
          </reporter-output>
        </test-method> <!-- setUpClass -->
        <test-method signature="runScenario(io.cucumber.testng.PickleWrapper,io.cucumber.testng.FeatureWrapper)[pri:0, instance:runner.RunCucumberTest@5dd91bca]" started-at="2024-11-04T08:59:54 IST" name="runScenario" description="Runs Cucumber Scenarios" data-provider="scenarios" finished-at="2024-11-04T09:00:15 IST" duration-ms="21037" status="PASS">
          <params>
            <param index="0">
              <value>
                <![CDATA["Calculate_Car_Loan"]]>
              </value>
            </param>
            <param index="1">
              <value>
                <![CDATA["Loan Calculator Testing In Chrome Browser"]]>
              </value>
            </param>
          </params>
          <reporter-output>
          </reporter-output>
        </test-method> <!-- runScenario -->
        <test-method signature="runScenario(io.cucumber.testng.PickleWrapper,io.cucumber.testng.FeatureWrapper)[pri:0, instance:runner.RunCucumberTest@5dd91bca]" started-at="2024-11-04T09:00:15 IST" name="runScenario" description="Runs Cucumber Scenarios" data-provider="scenarios" finished-at="2024-11-04T09:00:20 IST" duration-ms="4856" status="PASS">
          <params>
            <param index="0">
              <value>
                <![CDATA["Calculate_Home_Loan"]]>
              </value>
            </param>
            <param index="1">
              <value>
                <![CDATA["Loan Calculator Testing In Chrome Browser"]]>
              </value>
            </param>
          </params>
          <reporter-output>
          </reporter-output>
        </test-method> <!-- runScenario -->
        <test-method signature="runScenario(io.cucumber.testng.PickleWrapper,io.cucumber.testng.FeatureWrapper)[pri:0, instance:runner.RunCucumberTest@5dd91bca]" started-at="2024-11-04T09:00:20 IST" name="runScenario" description="Runs Cucumber Scenarios" data-provider="scenarios" finished-at="2024-11-04T09:00:38 IST" duration-ms="17341" status="PASS">
          <params>
            <param index="0">
              <value>
                <![CDATA["Testing EMI Calculator"]]>
              </value>
            </param>
            <param index="1">
              <value>
                <![CDATA["Loan Calculator Testing In Chrome Browser"]]>
              </value>
            </param>
          </params>
          <reporter-output>
          </reporter-output>
        </test-method> <!-- runScenario -->
        <test-method signature="runScenario(io.cucumber.testng.PickleWrapper,io.cucumber.testng.FeatureWrapper)[pri:0, instance:runner.RunCucumberTest@5dd91bca]" started-at="2024-11-04T09:00:38 IST" name="runScenario" description="Runs Cucumber Scenarios" data-provider="scenarios" finished-at="2024-11-04T09:00:51 IST" duration-ms="13844" status="PASS">
          <params>
            <param index="0">
              <value>
                <![CDATA["Calculate_Car_Loan"]]>
              </value>
            </param>
            <param index="1">
              <value>
                <![CDATA["Loan Calculator Testing In Edge Browser"]]>
              </value>
            </param>
          </params>
          <reporter-output>
          </reporter-output>
        </test-method> <!-- runScenario -->
        <test-method signature="runScenario(io.cucumber.testng.PickleWrapper,io.cucumber.testng.FeatureWrapper)[pri:0, instance:runner.RunCucumberTest@5dd91bca]" started-at="2024-11-04T09:00:51 IST" name="runScenario" description="Runs Cucumber Scenarios" data-provider="scenarios" finished-at="2024-11-04T09:00:56 IST" duration-ms="4410" status="PASS">
          <params>
            <param index="0">
              <value>
                <![CDATA["Calculate_Home_Loan"]]>
              </value>
            </param>
            <param index="1">
              <value>
                <![CDATA["Loan Calculator Testing In Edge Browser"]]>
              </value>
            </param>
          </params>
          <reporter-output>
          </reporter-output>
        </test-method> <!-- runScenario -->
        <test-method signature="runScenario(io.cucumber.testng.PickleWrapper,io.cucumber.testng.FeatureWrapper)[pri:0, instance:runner.RunCucumberTest@5dd91bca]" started-at="2024-11-04T09:00:56 IST" name="runScenario" description="Runs Cucumber Scenarios" data-provider="scenarios" finished-at="2024-11-04T09:01:14 IST" duration-ms="18257" status="PASS">
          <params>
            <param index="0">
              <value>
                <![CDATA["Testing EMI Calculator"]]>
              </value>
            </param>
            <param index="1">
              <value>
                <![CDATA["Loan Calculator Testing In Edge Browser"]]>
              </value>
            </param>
          </params>
          <reporter-output>
          </reporter-output>
        </test-method> <!-- runScenario -->
        <test-method is-config="true" signature="tearDownClass()[pri:0, instance:runner.RunCucumberTest@5dd91bca]" started-at="2024-11-04T09:01:14 IST" name="tearDownClass" finished-at="2024-11-04T09:01:16 IST" duration-ms="2108" status="PASS">
          <reporter-output>
          </reporter-output>
        </test-method> <!-- tearDownClass -->
      </class> <!-- runner.RunCucumberTest -->
    </test> <!-- Tests -->
  </suite> <!-- LoanCalculatorSuite -->
</testng-results>
