<?xml version="1.0" encoding="UTF-8"?>
<testng-results ignored="0" total="3" passed="3" failed="0" skipped="0">
  <reporter-output>
  </reporter-output>
  <suite started-at="2024-11-07T17:26:00 IST" name="Default suite" finished-at="2024-11-07T17:27:00 IST" duration-ms="59681">
    <groups>
      <group name="cucumber">
        <method signature="AbstractTestNGCucumberTests.runScenario(io.cucumber.testng.PickleWrapper,io.cucumber.testng.FeatureWrapper)[pri:0, instance:runner.RunCucumberTest@10aa41f2]" name="runScenario" class="io.cucumber.testng.AbstractTestNGCucumberTests"/>
      </group> <!-- cucumber -->
    </groups>
    <test started-at="2024-11-07T17:26:00 IST" name="Default test" finished-at="2024-11-07T17:27:00 IST" duration-ms="59681">
      <class name="runner.RunCucumberTest">
        <test-method is-config="true" signature="setUpClass(org.testng.ITestContext)[pri:0, instance:runner.RunCucumberTest@10aa41f2]" started-at="2024-11-07T17:26:00 IST" name="setUpClass" finished-at="2024-11-07T17:26:02 IST" duration-ms="2003" status="PASS">
          <params>
            <param index="0">
              <value>
                <![CDATA[org.testng.TestRunner@284f25e6]]>
              </value>
            </param>
          </params>
          <reporter-output>
          </reporter-output>
        </test-method> <!-- setUpClass -->
        <test-method signature="runScenario(io.cucumber.testng.PickleWrapper,io.cucumber.testng.FeatureWrapper)[pri:0, instance:runner.RunCucumberTest@10aa41f2]" started-at="2024-11-07T17:26:02 IST" name="runScenario" description="Runs Cucumber Scenarios" data-provider="scenarios" finished-at="2024-11-07T17:26:30 IST" duration-ms="28188" status="PASS">
          <params>
            <param index="0">
              <value>
                <![CDATA["Calculate_Car_Loan"]]>
              </value>
            </param>
            <param index="1">
              <value>
                <![CDATA["Loan Calculator Testing In Chrome Browser"]]>
              </value>
            </param>
          </params>
          <reporter-output>
          </reporter-output>
        </test-method> <!-- runScenario -->
        <test-method signature="runScenario(io.cucumber.testng.PickleWrapper,io.cucumber.testng.FeatureWrapper)[pri:0, instance:runner.RunCucumberTest@10aa41f2]" started-at="2024-11-07T17:26:30 IST" name="runScenario" description="Runs Cucumber Scenarios" data-provider="scenarios" finished-at="2024-11-07T17:26:37 IST" duration-ms="6274" status="PASS">
          <params>
            <param index="0">
              <value>
                <![CDATA["Calculate_Home_Loan"]]>
              </value>
            </param>
            <param index="1">
              <value>
                <![CDATA["Loan Calculator Testing In Chrome Browser"]]>
              </value>
            </param>
          </params>
          <reporter-output>
          </reporter-output>
        </test-method> <!-- runScenario -->
        <test-method signature="runScenario(io.cucumber.testng.PickleWrapper,io.cucumber.testng.FeatureWrapper)[pri:0, instance:runner.RunCucumberTest@10aa41f2]" started-at="2024-11-07T17:26:37 IST" name="runScenario" description="Runs Cucumber Scenarios" data-provider="scenarios" finished-at="2024-11-07T17:26:57 IST" duration-ms="20589" status="PASS">
          <params>
            <param index="0">
              <value>
                <![CDATA["Testing EMI Calculator"]]>
              </value>
            </param>
            <param index="1">
              <value>
                <![CDATA["Loan Calculator Testing In Chrome Browser"]]>
              </value>
            </param>
          </params>
          <reporter-output>
          </reporter-output>
        </test-method> <!-- runScenario -->
        <test-method is-config="true" signature="tearDownClass()[pri:0, instance:runner.RunCucumberTest@10aa41f2]" started-at="2024-11-07T17:26:57 IST" name="tearDownClass" finished-at="2024-11-07T17:27:00 IST" duration-ms="2534" status="PASS">
          <reporter-output>
          </reporter-output>
        </test-method> <!-- tearDownClass -->
      </class> <!-- runner.RunCucumberTest -->
    </test> <!-- Default test -->
  </suite> <!-- Default suite -->
</testng-results>
